<?xml version="1.0" encoding="UTF-8"?>
<!-- Generated by org.testng.reporters.JUnitReportReporter -->
<testsuite hostname="YUVARAJ_UV" failures="0" tests="1" name="com.tests1.LoginTest" time="9.366" errors="0" timestamp="2025-03-24T19:32:12 IST" skipped="0">
  <testcase classname="com.tests1.LoginTest" name="loginTest" time="9.366"/>
</testsuite> <!-- com.tests1.LoginTest -->
