<?xml version="1.0" encoding="UTF-8"?>
<!-- Generated by org.testng.reporters.JUnitReportReporter -->
<testsuite hostname="YUVARAJ_UV" failures="0" tests="1" name="com.tests1.DashBoardTest" time="7.796" errors="0" timestamp="2025-03-24T19:32:12 IST" skipped="0">
  <testcase classname="com.tests1.DashBoardTest" name="DashBoardtest" time="7.796"/>
</testsuite> <!-- com.tests1.DashBoardTest -->
