<?xml version="1.0" encoding="UTF-8"?>
<!-- Generated by org.testng.reporters.JUnitReportReporter -->
<testsuite hostname="YUVARAJ_UV" failures="0" tests="2" name="selenium_jenkins.TestNG_jenkins.AnnotationExample" time="0.013" errors="0" timestamp="2025-03-21T09:34:03 IST" skipped="0">
  <testcase classname="selenium_jenkins.TestNG_jenkins.AnnotationExample" name="Login" time="0.010"/>
  <testcase classname="selenium_jenkins.TestNG_jenkins.AnnotationExample" name="Logout" time="0.003"/>
</testsuite> <!-- selenium_jenkins.TestNG_jenkins.AnnotationExample -->
