<?xml version="1.0" encoding="UTF-8"?>
<!-- Generated by org.testng.reporters.JUnitReportReporter -->
<testsuite hostname="YUVARAJ_UV" failures="0" tests="3" name="com.test.basics.OrangeHrm" time="2.999" errors="0" timestamp="2025-03-21T16:36:29 IST" skipped="0">
  <testcase classname="com.test.basics.OrangeHrm" name="loginassert" time="1.048"/>
  <testcase classname="com.test.basics.OrangeHrm" name="loginassert" time="1.343"/>
  <testcase classname="com.test.basics.OrangeHrm" name="loginassert" time="0.608"/>
</testsuite> <!-- com.test.basics.OrangeHrm -->
