<?xml version="1.0" encoding="UTF-8"?>
<!-- Generated by org.testng.reporters.JUnitReportReporter -->
<testsuite hostname="YUVARAJ_UV" failures="0" tests="3" name="com.test.PageObjectModelbasics.DataProviderExcel" time="47.719" errors="0" timestamp="2025-03-25T19:05:40 IST" skipped="0">
  <testcase classname="com.test.PageObjectModelbasics.DataProviderExcel" name="search" time="17.005"/>
  <testcase classname="com.test.PageObjectModelbasics.DataProviderExcel" name="search" time="14.682"/>
  <testcase classname="com.test.PageObjectModelbasics.DataProviderExcel" name="search" time="16.032"/>
</testsuite> <!-- com.test.PageObjectModelbasics.DataProviderExcel -->
