<?xml version="1.0" encoding="UTF-8"?>
<!-- Generated by org.testng.reporters.JUnitReportReporter -->
<testsuite hostname="YUVARAJ_UV" failures="0" tests="1" name="com.tests2.RegisterTest" time="24.922" errors="0" timestamp="2025-03-26T11:06:38 IST" skipped="0">
  <testcase classname="com.tests2.RegisterTest" name="Register" time="24.922"/>
</testsuite> <!-- com.tests2.RegisterTest -->
