<?xml version="1.0" encoding="UTF-8"?>
<!-- Generated by org.testng.reporters.JUnitReportReporter -->
<testsuite hostname="YUVARAJ_UV" failures="0" tests="1" name="com.test.basics.AssertExample" time="0.037" errors="0" timestamp="2025-03-21T10:43:42 IST" skipped="0">
  <testcase classname="com.test.basics.AssertExample" name="verifyTitle" time="0.037"/>
</testsuite> <!-- com.test.basics.AssertExample -->
