<?xml version="1.0" encoding="UTF-8"?>
<!-- Generated by org.testng.reporters.JUnitReportReporter -->
<testsuite hostname="YUVARAJ_UV" failures="0" tests="3" name="com.test.PageObjectModelbasics.DataProviderDemo" time="47.466" errors="0" timestamp="2025-03-25T14:22:58 IST" skipped="0">
  <testcase classname="com.test.PageObjectModelbasics.DataProviderDemo" name="search" time="15.843"/>
  <testcase classname="com.test.PageObjectModelbasics.DataProviderDemo" name="search" time="16.385"/>
  <testcase classname="com.test.PageObjectModelbasics.DataProviderDemo" name="search" time="15.238"/>
</testsuite> <!-- com.test.PageObjectModelbasics.DataProviderDemo -->
