<?xml version="1.0" encoding="UTF-8"?>
<!-- Generated by org.testng.reporters.JUnitReportReporter -->
<testsuite hostname="YUVARAJ_UV" failures="0" tests="1" name="com.tests.LoginTest" time="0.848" errors="0" timestamp="2025-03-24T14:54:26 IST" skipped="0">
  <testcase classname="com.tests.LoginTest" name="loginTest" time="0.848"/>
</testsuite> <!-- com.tests.LoginTest -->
