<?xml version="1.0" encoding="UTF-8"?>
<!-- Generated by org.testng.reporters.JUnitReportReporter -->
<testsuite hostname="YUVARAJ_UV" failures="0" tests="1" name="com.test.basics.TutorialsNinja" time="0.989" errors="0" timestamp="2025-03-21T10:04:16 IST" skipped="0">
  <testcase classname="com.test.basics.TutorialsNinja" name="verify" time="0.989"/>
</testsuite> <!-- com.test.basics.TutorialsNinja -->
