<?xml version="1.0" encoding="UTF-8"?>
<!-- Generated by org.testng.reporters.JUnitReportReporter -->
<testsuite hostname="YUVARAJ_UV" failures="0" tests="2" name="com.test.basics.Params" time="0.014" errors="0" timestamp="2025-03-21T15:00:16 IST" skipped="0">
  <testcase classname="com.test.basics.Params" name="sum1" time="0.002"/>
  <testcase classname="com.test.basics.Params" name="sum" time="0.012"/>
</testsuite> <!-- com.test.basics.Params -->
