<?xml version="1.0" encoding="UTF-8"?>
<!-- Generated by org.testng.reporters.JUnitReportReporter -->
<testsuite hostname="YUVARAJ_UV" failures="0" tests="1" name="com.test.basics.AssertExample" time="2.282" errors="0" timestamp="2025-03-21T12:21:19 IST" skipped="0">
  <testcase classname="com.test.basics.AssertExample" name="verifyTitle" time="2.282"/>
</testsuite> <!-- com.test.basics.AssertExample -->
