<?xml version="1.0" encoding="UTF-8"?>
<!-- Generated by org.testng.reporters.JUnitReportReporter -->
<testsuite hostname="YUVARAJ_UV" failures="0" tests="1" name="com.tests2.HomeTest" time="34.270" errors="0" timestamp="2025-03-26T11:06:02 IST" skipped="0">
  <testcase classname="com.tests2.HomeTest" name="loginTest" time="34.270"/>
</testsuite> <!-- com.tests2.HomeTest -->
