<?xml version="1.0" encoding="UTF-8"?>
<!-- Generated by org.testng.reporters.JUnitReportReporter -->
<testsuite hostname="YUVARAJ_UV" failures="0" tests="2" name="selenium_jenkins.TestNG_jenkins.AnnotationExample" time="0.009" errors="0" timestamp="2025-03-20T20:47:20 IST" skipped="0">
  <testcase classname="selenium_jenkins.TestNG_jenkins.AnnotationExample" name="Login" time="0.007"/>
  <testcase classname="selenium_jenkins.TestNG_jenkins.AnnotationExample" name="Logout" time="0.002"/>
</testsuite> <!-- selenium_jenkins.TestNG_jenkins.AnnotationExample -->
