<?xml version="1.0" encoding="UTF-8"?>
<!-- Generated by org.testng.reporters.JUnitReportReporter -->
<testsuite hostname="YUVARAJ_UV" failures="0" tests="2" name="com.test.basics.AnnotationExample" time="0.018" errors="0" timestamp="2025-03-21T10:43:04 IST" skipped="0">
  <testcase classname="com.test.basics.AnnotationExample" name="Login" time="0.013"/>
  <testcase classname="com.test.basics.AnnotationExample" name="Logout" time="0.005"/>
</testsuite> <!-- com.test.basics.AnnotationExample -->
