<?xml version="1.0" encoding="UTF-8"?>
<!-- Generated by org.testng.reporters.JUnitReportReporter -->
<testsuite hostname="YUVARAJ_UV" failures="0" tests="5" name="com.test.basics.TESTNG_Priority" time="0.012" errors="0" timestamp="2025-03-21T12:45:37 IST" skipped="3">
  <testcase classname="com.test.basics.TESTNG_Priority" name="a" time="0.011"/>
  <testcase classname="com.test.basics.TESTNG_Priority" name="c" time="0.001"/>
  <testcase classname="com.test.basics.TESTNG_Priority" name="b">
    <skipped/>
  </testcase> <!-- b -->
  <testcase classname="com.test.basics.TESTNG_Priority" name="d">
    <skipped/>
  </testcase> <!-- d -->
  <testcase classname="com.test.basics.TESTNG_Priority" name="e">
    <skipped/>
  </testcase> <!-- e -->
</testsuite> <!-- com.test.basics.TESTNG_Priority -->
