<?xml version="1.0" encoding="UTF-8"?>
<!-- Generated by org.testng.reporters.JUnitReportReporter -->
<testsuite hostname="YUVARAJ_UV" failures="0" tests="1" name="com.test.basics.Assert" time="0.011" errors="0" timestamp="2025-03-21T09:34:54 IST" skipped="0">
  <testcase classname="com.test.basics.Assert" name="testAssertion" time="0.011"/>
</testsuite> <!-- com.test.basics.Assert -->
