<?xml version="1.0" encoding="UTF-8"?>
<!-- Generated by org.testng.reporters.JUnitReportReporter -->
<testsuite hostname="YUVARAJ_UV" failures="0" tests="3" name="com.test.basics.DependsOn" time="2.651" errors="0" timestamp="2025-03-21T12:58:42 IST" skipped="0">
  <testcase classname="com.test.basics.DependsOn" name="f" time="2.021"/>
  <testcase classname="com.test.basics.DependsOn" name="f2" time="0.367"/>
  <testcase classname="com.test.basics.DependsOn" name="f1" time="0.263"/>
</testsuite> <!-- com.test.basics.DependsOn -->
