<?xml version="1.0" encoding="UTF-8"?>
<!-- Generated by org.testng.reporters.JUnitReportReporter -->
<testsuite hostname="YUVARAJ_UV" failures="0" tests="1" name="com.test.PageObjectModelbasics.FindByExample" time="3.137" errors="0" timestamp="2025-03-24T12:01:45 IST" skipped="0">
  <testcase classname="com.test.PageObjectModelbasics.FindByExample" name="googleSearchTest" time="3.137"/>
</testsuite> <!-- com.test.PageObjectModelbasics.FindByExample -->
