<?xml version="1.0" encoding="UTF-8"?>
<!-- Generated by org.testng.reporters.JUnitReportReporter -->
<testsuite hostname="YUVARAJ_UV" failures="0" tests="1" name="com.tests.DashBoardTest" time="3.517" errors="0" timestamp="2025-03-24T14:54:26 IST" skipped="0">
  <testcase classname="com.tests.DashBoardTest" name="DashBoardtest" time="3.517"/>
</testsuite> <!-- com.tests.DashBoardTest -->
